<?xml version="1.0" encoding="UTF-8"?>
<testng-results ignored="0" total="1" passed="0" failed="1" skipped="0">
  <reporter-output>
  </reporter-output>
  <suite started-at="2022-06-18T16:13:32 IST" name="Default suite" finished-at="2022-06-18T16:13:52 IST" duration-ms="20161">
    <groups>
    </groups>
    <test started-at="2022-06-18T16:13:32 IST" name="Default test" finished-at="2022-06-18T16:13:52 IST" duration-ms="20161">
      <class name="Test.HomePageTest">
        <test-method is-config="true" signature="extentreports()[pri:0, instance:Test.HomePageTest@23c30a20]" started-at="2022-06-18T16:13:32 IST" name="extentreports" finished-at="2022-06-18T16:13:33 IST" duration-ms="503" status="PASS">
          <reporter-output>
          </reporter-output>
        </test-method> <!-- extentreports -->
        <test-method is-config="true" signature="browser()[pri:0, instance:Test.HomePageTest@23c30a20]" started-at="2022-06-18T16:13:33 IST" name="browser" finished-at="2022-06-18T16:13:38 IST" duration-ms="5857" status="PASS">
          <reporter-output>
          </reporter-output>
        </test-method> <!-- browser -->
        <test-method signature="logintozrodhawithpinpage()[pri:0, instance:Test.HomePageTest@23c30a20]" started-at="2022-06-18T16:13:38 IST" name="logintozrodhawithpinpage" finished-at="2022-06-18T16:13:51 IST" duration-ms="12637" status="FAIL">
          <exception class="java.lang.ClassCastException">
            <message>
              <![CDATA[class jdk.proxy2.$Proxy21 cannot be cast to class org.openqa.selenium.WebElement (jdk.proxy2.$Proxy21 is in module jdk.proxy2 of loader 'app'; org.openqa.selenium.WebElement is in unnamed module of loader 'app')]]>
            </message>
            <full-stacktrace>
              <![CDATA[java.lang.ClassCastException: class jdk.proxy2.$Proxy21 cannot be cast to class org.openqa.selenium.WebElement (jdk.proxy2.$Proxy21 is in module jdk.proxy2 of loader 'app'; org.openqa.selenium.WebElement is in unnamed module of loader 'app')
at POM.ZerodhaHomePage.clickonbuy(ZerodhaHomePage.java:31)
at Test.HomePageTest.logintozrodhawithpinpage(HomePageTest.java:70)
at java.base/jdk.internal.reflect.DirectMethodHandleAccessor.invoke(DirectMethodHandleAccessor.java:104)
at java.base/java.lang.reflect.Method.invoke(Method.java:577)
at org.testng.internal.invokers.MethodInvocationHelper.invokeMethod(MethodInvocationHelper.java:135)
at org.testng.internal.invokers.TestInvoker.invokeMethod(TestInvoker.java:673)
at org.testng.internal.invokers.TestInvoker.invokeTestMethod(TestInvoker.java:220)
at org.testng.internal.invokers.MethodRunner.runInSequence(MethodRunner.java:50)
at org.testng.internal.invokers.TestInvoker$MethodInvocationAgent.invoke(TestInvoker.java:945)
at org.testng.internal.invokers.TestInvoker.invokeTestMethods(TestInvoker.java:193)
at org.testng.internal.invokers.TestMethodWorker.invokeTestMethods(TestMethodWorker.java:146)
at org.testng.internal.invokers.TestMethodWorker.run(TestMethodWorker.java:128)
at java.base/java.util.ArrayList.forEach(ArrayList.java:1511)
at org.testng.TestRunner.privateRun(TestRunner.java:808)
at org.testng.TestRunner.run(TestRunner.java:603)
at org.testng.SuiteRunner.runTest(SuiteRunner.java:429)
at org.testng.SuiteRunner.runSequentially(SuiteRunner.java:423)
at org.testng.SuiteRunner.privateRun(SuiteRunner.java:383)
at org.testng.SuiteRunner.run(SuiteRunner.java:326)
at org.testng.SuiteRunnerWorker.runSuite(SuiteRunnerWorker.java:52)
at org.testng.SuiteRunnerWorker.run(SuiteRunnerWorker.java:95)
at org.testng.TestNG.runSuitesSequentially(TestNG.java:1249)
at org.testng.TestNG.runSuitesLocally(TestNG.java:1169)
at org.testng.TestNG.runSuites(TestNG.java:1092)
at org.testng.TestNG.run(TestNG.java:1060)
at org.testng.remote.AbstractRemoteTestNG.run(AbstractRemoteTestNG.java:115)
at org.testng.remote.RemoteTestNG.initAndRun(RemoteTestNG.java:251)
at org.testng.remote.RemoteTestNG.main(RemoteTestNG.java:77)
]]>
            </full-stacktrace>
          </exception> <!-- java.lang.ClassCastException -->
          <reporter-output>
          </reporter-output>
        </test-method> <!-- logintozrodhawithpinpage -->
        <test-method is-config="true" signature="closebrowser(org.testng.ITestResult)[pri:0, instance:Test.HomePageTest@23c30a20]" started-at="2022-06-18T16:13:52 IST" name="closebrowser" finished-at="2022-06-18T16:13:52 IST" duration-ms="10" status="PASS">
          <params>
            <param index="0">
              <value>
                <![CDATA[[TestResult name=logintozrodhawithpinpage status=FAILURE method=HomePageTest.logintozrodhawithpinpage()[pri:0, instance:Test.HomePageTest@23c30a20] output={null}]]]>
              </value>
            </param>
          </params>
          <reporter-output>
          </reporter-output>
        </test-method> <!-- closebrowser -->
        <test-method is-config="true" signature="flushreports()[pri:0, instance:Test.HomePageTest@23c30a20]" started-at="2022-06-18T16:13:52 IST" name="flushreports" finished-at="2022-06-18T16:13:52 IST" duration-ms="700" status="PASS">
          <reporter-output>
          </reporter-output>
        </test-method> <!-- flushreports -->
      </class> <!-- Test.HomePageTest -->
    </test> <!-- Default test -->
  </suite> <!-- Default suite -->
</testng-results>
